C:\USERS\CHACE\DOCUMENTS\VISUAL STUDIO 2010\PROJECTS\NAVDOC3\DEBUG\NAVDOC3.EXE
C:\USERS\CHACE\DOCUMENTS\VISUAL STUDIO 2010\PROJECTS\NAVDOC3\DEBUG\NAVDOC3.ILK
C:\USERS\CHACE\DOCUMENTS\VISUAL STUDIO 2010\PROJECTS\NAVDOC3\DEBUG\NAVDOC3.PDB
C:\Users\chace\documents\visual studio 2010\Projects\navdoc3\navdoc3\Debug\cl.command.1.tlog
C:\Users\chace\documents\visual studio 2010\Projects\navdoc3\navdoc3\Debug\CL.read.1.tlog
C:\Users\chace\documents\visual studio 2010\Projects\navdoc3\navdoc3\Debug\CL.write.1.tlog
C:\USERS\CHACE\DOCUMENTS\VISUAL STUDIO 2010\PROJECTS\NAVDOC3\NAVDOC3\DEBUG\IMUDEVICE.OBJ
C:\USERS\CHACE\DOCUMENTS\VISUAL STUDIO 2010\PROJECTS\NAVDOC3\NAVDOC3\DEBUG\IMUREADING.OBJ
C:\Users\chace\documents\visual studio 2010\Projects\navdoc3\navdoc3\Debug\link.3836.read.1.tlog
C:\Users\chace\documents\visual studio 2010\Projects\navdoc3\navdoc3\Debug\link.3836.write.1.tlog
C:\Users\chace\documents\visual studio 2010\Projects\navdoc3\navdoc3\Debug\link.3836-cvtres.read.1.tlog
C:\Users\chace\documents\visual studio 2010\Projects\navdoc3\navdoc3\Debug\link.3836-cvtres.write.1.tlog
C:\Users\chace\documents\visual studio 2010\Projects\navdoc3\navdoc3\Debug\link.4052.read.1.tlog
C:\Users\chace\documents\visual studio 2010\Projects\navdoc3\navdoc3\Debug\link.4052.write.1.tlog
C:\Users\chace\documents\visual studio 2010\Projects\navdoc3\navdoc3\Debug\link.4052-cvtres.read.1.tlog
C:\Users\chace\documents\visual studio 2010\Projects\navdoc3\navdoc3\Debug\link.4052-cvtres.write.1.tlog
C:\Users\chace\documents\visual studio 2010\Projects\navdoc3\navdoc3\Debug\link.6444.read.1.tlog
C:\Users\chace\documents\visual studio 2010\Projects\navdoc3\navdoc3\Debug\link.6444.write.1.tlog
C:\Users\chace\documents\visual studio 2010\Projects\navdoc3\navdoc3\Debug\link.6444-cvtres.read.1.tlog
C:\Users\chace\documents\visual studio 2010\Projects\navdoc3\navdoc3\Debug\link.6444-cvtres.write.1.tlog
C:\Users\chace\documents\visual studio 2010\Projects\navdoc3\navdoc3\Debug\link.command.1.tlog
C:\Users\chace\documents\visual studio 2010\Projects\navdoc3\navdoc3\Debug\link.read.1.tlog
C:\Users\chace\documents\visual studio 2010\Projects\navdoc3\navdoc3\Debug\link.write.1.tlog
C:\Users\chace\documents\visual studio 2010\Projects\navdoc3\navdoc3\Debug\link-cvtres.read.1.tlog
C:\Users\chace\documents\visual studio 2010\Projects\navdoc3\navdoc3\Debug\link-cvtres.write.1.tlog
C:\Users\chace\documents\visual studio 2010\Projects\navdoc3\navdoc3\Debug\mt.command.1.tlog
C:\Users\chace\documents\visual studio 2010\Projects\navdoc3\navdoc3\Debug\mt.read.1.tlog
C:\Users\chace\documents\visual studio 2010\Projects\navdoc3\navdoc3\Debug\mt.write.1.tlog
C:\USERS\CHACE\DOCUMENTS\VISUAL STUDIO 2010\PROJECTS\NAVDOC3\NAVDOC3\DEBUG\NAVDOC.OBJ
C:\USERS\CHACE\DOCUMENTS\VISUAL STUDIO 2010\PROJECTS\NAVDOC3\NAVDOC3\DEBUG\NAVDOC3.EXE.EMBED.MANIFEST
C:\USERS\CHACE\DOCUMENTS\VISUAL STUDIO 2010\PROJECTS\NAVDOC3\NAVDOC3\DEBUG\NAVDOC3.EXE.EMBED.MANIFEST.RES
C:\USERS\CHACE\DOCUMENTS\VISUAL STUDIO 2010\PROJECTS\NAVDOC3\NAVDOC3\DEBUG\NAVDOC3.EXE.INTERMEDIATE.MANIFEST
C:\USERS\CHACE\DOCUMENTS\VISUAL STUDIO 2010\PROJECTS\NAVDOC3\NAVDOC3\DEBUG\NAVDOC3.RES
C:\Users\chace\documents\visual studio 2010\Projects\navdoc3\navdoc3\Debug\navdoc3.write.1.tlog
C:\Users\chace\documents\visual studio 2010\Projects\navdoc3\navdoc3\Debug\navdoc3_manifest.rc
C:\Users\chace\documents\visual studio 2010\Projects\navdoc3\navdoc3\Debug\rc.command.1.tlog
C:\Users\chace\documents\visual studio 2010\Projects\navdoc3\navdoc3\Debug\rc.read.1.tlog
C:\Users\chace\documents\visual studio 2010\Projects\navdoc3\navdoc3\Debug\rc.write.1.tlog
C:\Users\chace\documents\visual studio 2010\Projects\navdoc3\navdoc3\Debug\vc100.idb
C:\USERS\CHACE\DOCUMENTS\VISUAL STUDIO 2010\PROJECTS\NAVDOC3\NAVDOC3\DEBUG\VC100.PDB
